SF:lib/src/errors.dart
DA:15,0
DA:16,0
DA:19,0
DA:22,0
DA:30,0
DA:31,0
DA:38,0
DA:39,0
DA:41,0
DA:46,0
DA:47,0
LF:11
LH:0
end_of_record
SF:lib/src/qr_image_view.dart
DA:22,0
DA:46,0
DA:49,0
DA:53,0
DA:77,0
DA:80,0
DA:148,0
DA:149,0
DA:159,0
DA:161,0
DA:162,0
DA:163,0
DA:164,0
DA:165,0
DA:167,0
DA:168,0
DA:170,0
DA:172,0
DA:173,0
DA:174,0
DA:175,0
DA:177,0
DA:179,0
DA:180,0
DA:183,0
DA:184,0
DA:187,0
DA:188,0
DA:189,0
DA:190,0
DA:191,0
DA:192,0
DA:193,0
DA:195,0
DA:198,0
DA:199,0
DA:200,0
DA:201,0
DA:203,0
DA:208,0
DA:213,0
DA:214,0
DA:215,0
DA:216,0
DA:217,0
DA:218,0
DA:220,0
DA:221,0
DA:223,0
DA:225,0
DA:226,0
DA:227,0
DA:228,0
DA:232,0
DA:234,0
DA:235,0
DA:236,0
DA:237,0
DA:238,0
DA:239,0
DA:240,0
DA:242,0
DA:243,0
DA:245,0
DA:250,0
DA:254,0
DA:255,0
DA:256,0
DA:257,0
DA:260,0
DA:261,0
DA:262,0
DA:263,0
DA:264,0
DA:265,0
DA:267,0
DA:268,0
DA:277,0
DA:301,0
DA:303,0
DA:304,0
DA:305,0
DA:306,0
DA:307,0
DA:308,0
DA:309,0
DA:310,0
DA:311,0
LF:88
LH:0
end_of_record
SF:lib/src/qr_painter.dart
DA:31,2
DA:48,4
DA:49,2
DA:55,0
DA:71,0
DA:72,0
DA:73,0
DA:74,0
DA:124,2
DA:125,4
DA:126,0
DA:129,2
DA:131,2
DA:132,2
DA:134,2
DA:135,0
DA:137,4
DA:138,6
DA:139,2
DA:142,2
DA:144,6
DA:147,4
DA:148,4
DA:151,4
DA:152,4
DA:155,4
DA:156,8
DA:159,8
DA:162,4
DA:163,4
DA:168,2
DA:171,4
DA:172,0
DA:177,2
DA:178,2
DA:179,4
DA:180,2
DA:184,2
DA:185,2
DA:187,2
DA:201,2
DA:203,4
DA:204,2
DA:205,0
DA:207,6
DA:210,2
DA:211,0
DA:212,0
DA:214,8
DA:215,8
DA:217,2
DA:218,4
DA:221,10
DA:222,10
DA:225,8
DA:228,8
DA:231,2
DA:234,4
DA:235,4
DA:237,6
DA:238,2
DA:240,0
DA:241,0
DA:242,0
DA:247,2
DA:248,0
DA:249,0
DA:250,0
DA:253,0
DA:254,0
DA:255,0
DA:256,0
DA:257,0
DA:260,0
DA:264,2
DA:265,4
DA:266,6
DA:269,2
DA:270,4
DA:271,6
DA:274,2
DA:275,4
DA:276,2
DA:277,8
DA:278,8
DA:279,2
DA:283,2
DA:288,6
DA:289,8
DA:290,2
DA:291,4
DA:293,10
DA:296,2
DA:298,10
DA:299,2
DA:300,6
DA:302,6
DA:306,4
DA:308,4
DA:309,2
DA:310,0
DA:312,6
DA:315,4
DA:317,4
DA:318,6
DA:320,4
DA:322,2
DA:323,0
DA:325,6
DA:328,6
DA:330,6
DA:331,8
DA:332,6
DA:334,4
DA:335,6
DA:336,10
DA:337,8
DA:339,6
DA:340,2
DA:341,2
DA:342,2
DA:345,0
DA:346,0
DA:349,0
DA:350,0
DA:353,0
DA:354,0
DA:358,0
DA:360,0
DA:362,0
DA:364,0
DA:365,0
DA:366,0
DA:367,0
DA:369,0
DA:370,0
DA:371,0
DA:375,0
DA:377,0
DA:378,0
DA:379,0
DA:381,0
DA:382,0
DA:386,0
DA:387,0
DA:388,0
DA:389,0
DA:392,0
DA:394,0
DA:395,0
DA:396,0
DA:397,0
DA:398,0
DA:399,0
DA:400,0
DA:401,0
DA:402,0
DA:408,2
DA:409,2
DA:410,2
DA:411,4
DA:412,2
DA:416,2
DA:418,8
DA:422,2
DA:424,2
DA:425,2
DA:430,2
DA:434,2
DA:442,4
DA:445,4
DA:448,4
DA:450,2
DA:451,8
DA:452,8
DA:453,8
DA:454,10
DA:455,10
LF:178
LH:117
end_of_record
SF:lib/src/qr_versions.dart
DA:21,2
DA:22,2
LF:2
LH:2
end_of_record
SF:lib/src/types.dart
DA:64,4
DA:72,0
DA:73,0
DA:75,0
DA:77,0
DA:78,0
DA:87,4
DA:98,0
DA:99,0
DA:101,0
DA:103,0
DA:104,0
DA:113,0
DA:127,0
DA:129,0
DA:130,0
DA:132,0
DA:134,0
DA:135,0
LF:19
LH:2
end_of_record
SF:lib/src/validator.dart
DA:16,2
DA:23,2
DA:24,0
DA:25,0
DA:27,2
DA:32,2
DA:34,0
DA:35,0
DA:37,0
DA:38,0
DA:49,2
DA:61,6
LF:12
LH:6
end_of_record
SF:lib/src/paint_cache.dart
DA:16,2
DA:17,2
DA:18,4
DA:22,2
DA:24,2
DA:25,4
DA:27,6
DA:33,2
DA:34,2
DA:35,4
DA:37,6
DA:45,0
DA:47,0
DA:48,0
DA:50,0
LF:15
LH:11
end_of_record
