SF:lib/src/errors.dart
DA:15,0
DA:16,0
DA:19,0
DA:22,0
DA:30,0
DA:31,0
DA:38,0
DA:39,0
DA:41,0
DA:46,0
DA:47,0
LF:11
LH:0
end_of_record
SF:lib/src/qr_image_view.dart
DA:22,0
DA:46,0
DA:49,0
DA:53,0
DA:77,0
DA:80,0
DA:148,0
DA:149,0
DA:159,0
DA:161,0
DA:162,0
DA:163,0
DA:164,0
DA:165,0
DA:167,0
DA:168,0
DA:170,0
DA:172,0
DA:173,0
DA:174,0
DA:175,0
DA:177,0
DA:179,0
DA:180,0
DA:183,0
DA:184,0
DA:187,0
DA:188,0
DA:189,0
DA:190,0
DA:191,0
DA:192,0
DA:193,0
DA:195,0
DA:198,0
DA:199,0
DA:200,0
DA:201,0
DA:203,0
DA:208,0
DA:213,0
DA:214,0
DA:215,0
DA:216,0
DA:217,0
DA:218,0
DA:220,0
DA:221,0
DA:223,0
DA:225,0
DA:226,0
DA:227,0
DA:228,0
DA:232,0
DA:234,0
DA:235,0
DA:236,0
DA:237,0
DA:238,0
DA:239,0
DA:240,0
DA:242,0
DA:243,0
DA:245,0
DA:250,0
DA:254,0
DA:255,0
DA:256,0
DA:257,0
DA:260,0
DA:261,0
DA:262,0
DA:263,0
DA:264,0
DA:265,0
DA:267,0
DA:268,0
DA:277,0
DA:301,0
DA:303,0
DA:304,0
DA:305,0
DA:306,0
DA:307,0
DA:308,0
DA:309,0
DA:310,0
DA:311,0
LF:88
LH:0
end_of_record
SF:lib/src/qr_painter.dart
DA:30,2
DA:47,4
DA:48,2
DA:54,0
DA:70,0
DA:71,0
DA:72,0
DA:73,0
DA:123,2
DA:124,4
DA:125,0
DA:128,2
DA:130,2
DA:131,2
DA:133,2
DA:134,0
DA:136,4
DA:137,6
DA:138,2
DA:141,2
DA:143,6
DA:146,4
DA:147,4
DA:150,4
DA:151,4
DA:154,4
DA:155,8
DA:158,8
DA:161,4
DA:162,4
DA:167,2
DA:170,4
DA:171,0
DA:176,2
DA:177,2
DA:178,4
DA:179,2
DA:183,2
DA:184,2
DA:186,2
DA:200,2
DA:202,4
DA:203,2
DA:204,0
DA:206,6
DA:209,2
DA:210,0
DA:211,0
DA:213,8
DA:214,8
DA:216,2
DA:217,4
DA:220,10
DA:221,10
DA:224,8
DA:227,8
DA:230,2
DA:233,4
DA:234,4
DA:236,6
DA:237,2
DA:239,0
DA:240,0
DA:241,0
DA:246,2
DA:247,0
DA:248,0
DA:249,0
DA:252,0
DA:253,0
DA:254,0
DA:255,0
DA:256,0
DA:259,0
DA:263,2
DA:264,4
DA:265,6
DA:268,2
DA:269,4
DA:270,6
DA:273,2
DA:274,4
DA:275,2
DA:276,8
DA:277,8
DA:278,2
DA:282,2
DA:287,6
DA:288,8
DA:289,2
DA:290,4
DA:292,10
DA:295,2
DA:297,10
DA:298,2
DA:299,6
DA:301,6
DA:305,4
DA:307,4
DA:308,2
DA:309,0
DA:311,6
DA:314,4
DA:316,4
DA:317,6
DA:319,4
DA:321,2
DA:322,0
DA:324,6
DA:327,6
DA:329,6
DA:330,8
DA:331,6
DA:333,4
DA:334,6
DA:335,10
DA:336,8
DA:338,6
DA:339,2
DA:340,2
DA:341,2
DA:344,0
DA:345,0
DA:348,0
DA:349,0
DA:352,0
DA:353,0
DA:357,0
DA:359,0
DA:361,0
DA:363,0
DA:364,0
DA:365,0
DA:366,0
DA:368,0
DA:369,0
DA:370,0
DA:374,0
DA:376,0
DA:377,0
DA:378,0
DA:380,0
DA:381,0
DA:385,0
DA:386,0
DA:387,0
DA:388,0
DA:391,0
DA:393,0
DA:394,0
DA:395,0
DA:396,0
DA:397,0
DA:398,0
DA:399,0
DA:400,0
DA:401,0
DA:407,2
DA:408,2
DA:409,2
DA:410,4
DA:411,2
DA:415,2
DA:417,8
DA:421,2
DA:423,2
DA:424,2
DA:429,2
DA:433,2
DA:441,4
DA:444,4
DA:447,4
DA:449,2
DA:450,8
DA:451,8
DA:452,8
DA:453,10
DA:454,10
LF:178
LH:117
end_of_record
SF:lib/src/qr_versions.dart
DA:21,2
DA:22,2
LF:2
LH:2
end_of_record
SF:lib/src/types.dart
DA:64,1
DA:72,0
DA:73,0
DA:75,0
DA:77,0
DA:78,0
DA:87,1
DA:98,0
DA:99,0
DA:101,0
DA:103,0
DA:104,0
DA:113,0
DA:127,0
DA:129,0
DA:130,0
DA:132,0
DA:134,0
DA:135,0
LF:19
LH:2
end_of_record
SF:lib/src/validator.dart
DA:16,2
DA:23,2
DA:24,0
DA:25,0
DA:27,2
DA:32,2
DA:34,0
DA:35,0
DA:37,0
DA:38,0
DA:49,2
DA:61,6
LF:12
LH:6
end_of_record
SF:lib/src/paint_cache.dart
DA:16,2
DA:17,2
DA:18,4
DA:22,2
DA:24,2
DA:25,4
DA:27,6
DA:33,2
DA:34,2
DA:35,4
DA:37,6
DA:45,0
DA:47,0
DA:48,0
DA:50,0
LF:15
LH:11
end_of_record
